imkit/build/intermediates/manifest_merge_blame_file/debug/manifest-merger-blame-debug-report.txt
1<?xml version="1.0" encoding="utf-8"?>
2<manifest xmlns:android="http://schemas.android.com/apk/res/android"
3    package="com.beetle.imkit" >
4
5    <uses-sdk
6        android:minSdkVersion="18"
6-->src\main\AndroidManifest.xml
7        android:targetSdkVersion="25" />
7-->src\main\AndroidManifest.xml
8
9    <uses-permission
9-->src\main\AndroidManifest.xml:5:5-6:50
10        android:name="android.permission.WRITE_EXTERNAL_STORAGE"
10-->src\main\AndroidManifest.xml:5:22-78
11        android:maxSdkVersion="18" />
11-->src\main\AndroidManifest.xml:6:22-48
12    <uses-permission android:name="android.permission.READ_PHONE_STATE" />
12-->src\main\AndroidManifest.xml:7:5-74
12-->src\main\AndroidManifest.xml:7:22-72
13    <uses-permission android:name="android.permission.READ_EXTERNAL_STORAGE" />
13-->src\main\AndroidManifest.xml:8:5-79
13-->src\main\AndroidManifest.xml:8:22-77
14
15    <application>
15-->src\main\AndroidManifest.xml:10:5-14:19
16    </application>
17
18</manifest>